<?xml version="1.0" encoding="UTF-8"?>
<testng-results skipped="0" failed="0" total="5" passed="5">
  <reporter-output>
  </reporter-output>
  <suite name="Default suite" duration-ms="701" started-at="2016-07-31T06:01:58Z" finished-at="2016-07-31T06:01:58Z">
    <groups>
    </groups>
    <test name="Default test" duration-ms="701" started-at="2016-07-31T06:01:58Z" finished-at="2016-07-31T06:01:58Z">
      <class name="automation.script.TestDriver">
        <test-method status="PASS" signature="executeTest(java.lang.Object)[pri:0, instance:automation.script.TestDriver@4439f31e]" name="executeTest" duration-ms="16" started-at="2016-07-31T11:31:58Z" data-provider="testCaseList" finished-at="2016-07-31T11:31:58Z">
          <params>
            <param index="0">
              <value>
                <![CDATA[SL.NO,RunMode,TestCaseName]]>
              </value>
            </param>
          </params>
          <reporter-output>
          </reporter-output>
        </test-method> <!-- executeTest -->
        <test-method status="PASS" signature="executeTest(java.lang.Object)[pri:0, instance:automation.script.TestDriver@4439f31e]" name="executeTest" duration-ms="0" started-at="2016-07-31T11:31:58Z" data-provider="testCaseList" finished-at="2016-07-31T11:31:58Z">
          <params>
            <param index="0">
              <value>
                <![CDATA[1.0,Y,TestCase1]]>
              </value>
            </param>
          </params>
          <reporter-output>
          </reporter-output>
        </test-method> <!-- executeTest -->
        <test-method status="PASS" signature="executeTest(java.lang.Object)[pri:0, instance:automation.script.TestDriver@4439f31e]" name="executeTest" duration-ms="2" started-at="2016-07-31T11:31:58Z" data-provider="testCaseList" finished-at="2016-07-31T11:31:58Z">
          <params>
            <param index="0">
              <value>
                <![CDATA[2.0,Y,TestCase2]]>
              </value>
            </param>
          </params>
          <reporter-output>
          </reporter-output>
        </test-method> <!-- executeTest -->
        <test-method status="PASS" signature="executeTest(java.lang.Object)[pri:0, instance:automation.script.TestDriver@4439f31e]" name="executeTest" duration-ms="0" started-at="2016-07-31T11:31:58Z" data-provider="testCaseList" finished-at="2016-07-31T11:31:58Z">
          <params>
            <param index="0">
              <value>
                <![CDATA[3.0,Y,TestCase3]]>
              </value>
            </param>
          </params>
          <reporter-output>
          </reporter-output>
        </test-method> <!-- executeTest -->
        <test-method status="PASS" signature="executeTest(java.lang.Object)[pri:0, instance:automation.script.TestDriver@4439f31e]" name="executeTest" duration-ms="0" started-at="2016-07-31T11:31:58Z" data-provider="testCaseList" finished-at="2016-07-31T11:31:58Z">
          <params>
            <param index="0">
              <value>
                <![CDATA[4.0,Y,TestCase4]]>
              </value>
            </param>
          </params>
          <reporter-output>
          </reporter-output>
        </test-method> <!-- executeTest -->
      </class> <!-- automation.script.TestDriver -->
    </test> <!-- Default test -->
  </suite> <!-- Default suite -->
</testng-results>
